[debug] [2021-09-17T15:17:08.796Z] ----------------------------------------------------------------------
[debug] [2021-09-17T15:17:08.799Z] Command:       C:\Program Files\nodejs\node.exe C:\Users\yaswa\AppData\Roaming\npm\node_modules\firebase-tools\lib\bin\firebase.js init
[debug] [2021-09-17T15:17:08.799Z] CLI Version:   9.18.0
[debug] [2021-09-17T15:17:08.799Z] Platform:      win32
[debug] [2021-09-17T15:17:08.800Z] Node Version:  v14.17.6
[debug] [2021-09-17T15:17:08.801Z] Time:          Fri Sep 17 2021 20:47:08 GMT+0530 (India Standard Time)
[debug] [2021-09-17T15:17:08.801Z] ----------------------------------------------------------------------
[debug] 
[debug] [2021-09-17T15:17:08.809Z] > command requires scopes: ["email","openid","https://www.googleapis.com/auth/cloudplatformprojects.readonly","https://www.googleapis.com/auth/firebase","https://www.googleapis.com/auth/cloud-platform"]
[debug] [2021-09-17T15:17:08.809Z] > authorizing via signed-in user (yaswanthyashus1th@gmail.com)
[info] 
     ######## #### ########  ######## ########     ###     ######  ########
     ##        ##  ##     ## ##       ##     ##  ##   ##  ##       ##
     ######    ##  ########  ######   ########  #########  ######  ######
     ##        ##  ##    ##  ##       ##     ## ##     ##       ## ##
     ##       #### ##     ## ######## ########  ##     ##  ######  ########

You're about to initialize a Firebase project in this directory:

  C:\Users\yaswa\Desktop\New folder\sell

[info] 
=== Project Setup
[info] 
[info] First, let's associate this project directory with a Firebase project.
[info] You can create multiple project aliases by running firebase use --add, 
[info] but for now we'll just set up a default project.
[info] 
[info] i  If you want to create a project in a Google Cloud organization or folder, please use "firebase projects:create" instead, and return to this command when you've created the project. 
[debug] [2021-09-17T15:19:16.406Z] > refreshing access token with scopes: ["email","https://www.googleapis.com/auth/cloud-platform","https://www.googleapis.com/auth/cloudplatformprojects.readonly","https://www.googleapis.com/auth/firebase","openid"]
[debug] [2021-09-17T15:19:16.407Z] >>> HTTP REQUEST POST https://www.googleapis.com/oauth2/v3/token  
 <request body omitted>
[debug] [2021-09-17T15:19:16.869Z] <<< HTTP RESPONSE 200 {"pragma":"no-cache","cache-control":"no-cache, no-store, max-age=0, must-revalidate","expires":"Mon, 01 Jan 1990 00:00:00 GMT","date":"Fri, 17 Sep 2021 15:19:21 GMT","content-type":"application/json; charset=utf-8","vary":"X-Origin, Referer, Origin,Accept-Encoding","server":"scaffolding on HTTPServer2","x-xss-protection":"0","x-frame-options":"SAMEORIGIN","x-content-type-options":"nosniff","alt-svc":"h3=\":443\"; ma=2592000,h3-29=\":443\"; ma=2592000,h3-T051=\":443\"; ma=2592000,h3-Q050=\":443\"; ma=2592000,h3-Q046=\":443\"; ma=2592000,h3-Q043=\":443\"; ma=2592000,quic=\":443\"; ma=2592000; v=\"46,43\"","accept-ranges":"none","transfer-encoding":"chunked"}
[debug] [2021-09-17T15:19:17.328Z] >>> HTTP REQUEST POST https://cloudresourcemanager.googleapis.com/v1/projects  
 {"projectId":"yaswanth-on-fire","name":"fire-project"}
[debug] [2021-09-17T15:19:19.590Z] <<< HTTP RESPONSE 200 {"content-type":"application/json; charset=UTF-8","vary":"X-Origin, Referer, Origin,Accept-Encoding","date":"Fri, 17 Sep 2021 15:19:24 GMT","server":"ESF","cache-control":"private","x-xss-protection":"0","x-frame-options":"SAMEORIGIN","x-content-type-options":"nosniff","server-timing":"gfet4t7; dur=1587","alt-svc":"h3=\":443\"; ma=2592000,h3-29=\":443\"; ma=2592000,h3-T051=\":443\"; ma=2592000,h3-Q050=\":443\"; ma=2592000,h3-Q046=\":443\"; ma=2592000,h3-Q043=\":443\"; ma=2592000,quic=\":443\"; ma=2592000; v=\"46,43\"","accept-ranges":"none","transfer-encoding":"chunked"}
[debug] [2021-09-17T15:19:19.594Z] > refreshing access token with scopes: []
[debug] [2021-09-17T15:19:19.594Z] >>> HTTP REQUEST POST https://www.googleapis.com/oauth2/v3/token  
 <request body omitted>
[debug] [2021-09-17T15:19:24.175Z] <<< HTTP RESPONSE 200 {"date":"Fri, 17 Sep 2021 15:19:29 GMT","pragma":"no-cache","expires":"Mon, 01 Jan 1990 00:00:00 GMT","cache-control":"no-cache, no-store, max-age=0, must-revalidate","content-type":"application/json; charset=utf-8","vary":"X-Origin, Referer, Origin,Accept-Encoding","server":"scaffolding on HTTPServer2","x-xss-protection":"0","x-frame-options":"SAMEORIGIN","x-content-type-options":"nosniff","alt-svc":"h3=\":443\"; ma=2592000,h3-29=\":443\"; ma=2592000,h3-T051=\":443\"; ma=2592000,h3-Q050=\":443\"; ma=2592000,h3-Q046=\":443\"; ma=2592000,h3-Q043=\":443\"; ma=2592000,quic=\":443\"; ma=2592000; v=\"46,43\"","accept-ranges":"none","transfer-encoding":"chunked"}
[debug] [2021-09-17T15:19:24.250Z] >>> [apiv2][query] GET https://cloudresourcemanager.googleapis.com/v1/operations/cp.5400924787010516049 [none]
[debug] [2021-09-17T15:19:26.012Z] <<< [apiv2][status] GET https://cloudresourcemanager.googleapis.com/v1/operations/cp.5400924787010516049 200
[debug] [2021-09-17T15:19:26.013Z] <<< [apiv2][body] GET https://cloudresourcemanager.googleapis.com/v1/operations/cp.5400924787010516049 {"name":"operations/cp.5400924787010516049","metadata":{"@type":"type.googleapis.com/google.cloudresourcemanager.v1.ProjectCreationStatus","gettable":true,"ready":true},"done":true,"response":{"@type":"type.googleapis.com/google.cloudresourcemanager.v1.Project","projectNumber":"771640914674","projectId":"yaswanth-on-fire","lifecycleState":"ACTIVE","name":"fire-project","createTime":"2021-09-17T15:19:24.227Z"}}
[debug] [2021-09-17T15:19:26.015Z] > refreshing access token with scopes: ["email","https://www.googleapis.com/auth/cloud-platform","https://www.googleapis.com/auth/cloudplatformprojects.readonly","https://www.googleapis.com/auth/firebase","openid"]
[debug] [2021-09-17T15:19:26.015Z] >>> HTTP REQUEST POST https://www.googleapis.com/oauth2/v3/token  
 <request body omitted>
[debug] [2021-09-17T15:19:26.276Z] <<< HTTP RESPONSE 200 {"pragma":"no-cache","cache-control":"no-cache, no-store, max-age=0, must-revalidate","date":"Fri, 17 Sep 2021 15:19:31 GMT","expires":"Mon, 01 Jan 1990 00:00:00 GMT","content-type":"application/json; charset=utf-8","vary":"X-Origin, Referer, Origin,Accept-Encoding","server":"scaffolding on HTTPServer2","x-xss-protection":"0","x-frame-options":"SAMEORIGIN","x-content-type-options":"nosniff","alt-svc":"h3=\":443\"; ma=2592000,h3-29=\":443\"; ma=2592000,h3-T051=\":443\"; ma=2592000,h3-Q050=\":443\"; ma=2592000,h3-Q046=\":443\"; ma=2592000,h3-Q043=\":443\"; ma=2592000,quic=\":443\"; ma=2592000; v=\"46,43\"","accept-ranges":"none","transfer-encoding":"chunked"}
[debug] [2021-09-17T15:19:27.420Z] >>> HTTP REQUEST POST https://firebase.googleapis.com/v1beta1/projects/yaswanth-on-fire:addFirebase  
 
[debug] [2021-09-17T15:19:30.937Z] <<< HTTP RESPONSE 200 {"content-type":"application/json; charset=UTF-8","vary":"X-Origin, Referer, Origin,Accept-Encoding","date":"Fri, 17 Sep 2021 15:19:35 GMT","server":"ESF","cache-control":"private","x-xss-protection":"0","x-frame-options":"SAMEORIGIN","x-content-type-options":"nosniff","alt-svc":"h3=\":443\"; ma=2592000,h3-29=\":443\"; ma=2592000,h3-T051=\":443\"; ma=2592000,h3-Q050=\":443\"; ma=2592000,h3-Q046=\":443\"; ma=2592000,h3-Q043=\":443\"; ma=2592000,quic=\":443\"; ma=2592000; v=\"46,43\"","accept-ranges":"none","transfer-encoding":"chunked"}
[debug] [2021-09-17T15:19:30.938Z] > refreshing access token with scopes: []
[debug] [2021-09-17T15:19:30.939Z] >>> HTTP REQUEST POST https://www.googleapis.com/oauth2/v3/token  
 <request body omitted>
[debug] [2021-09-17T15:19:31.169Z] <<< HTTP RESPONSE 200 {"expires":"Mon, 01 Jan 1990 00:00:00 GMT","pragma":"no-cache","cache-control":"no-cache, no-store, max-age=0, must-revalidate","date":"Fri, 17 Sep 2021 15:19:36 GMT","content-type":"application/json; charset=utf-8","vary":"X-Origin, Referer, Origin,Accept-Encoding","server":"scaffolding on HTTPServer2","x-xss-protection":"0","x-frame-options":"SAMEORIGIN","x-content-type-options":"nosniff","alt-svc":"h3=\":443\"; ma=2592000,h3-29=\":443\"; ma=2592000,h3-T051=\":443\"; ma=2592000,h3-Q050=\":443\"; ma=2592000,h3-Q046=\":443\"; ma=2592000,h3-Q043=\":443\"; ma=2592000,quic=\":443\"; ma=2592000; v=\"46,43\"","accept-ranges":"none","transfer-encoding":"chunked"}
[debug] [2021-09-17T15:19:31.335Z] >>> [apiv2][query] GET https://firebase.googleapis.com/v1beta1/operations/workflows/NDk0NGUwMTMtMGNjMS00YTVhLThkOTktMGM4ZWMzMDkwZmNk [none]
[debug] [2021-09-17T15:19:32.659Z] <<< [apiv2][status] GET https://firebase.googleapis.com/v1beta1/operations/workflows/NDk0NGUwMTMtMGNjMS00YTVhLThkOTktMGM4ZWMzMDkwZmNk 200
[debug] [2021-09-17T15:19:32.660Z] <<< [apiv2][body] GET https://firebase.googleapis.com/v1beta1/operations/workflows/NDk0NGUwMTMtMGNjMS00YTVhLThkOTktMGM4ZWMzMDkwZmNk {"name":"operations/workflows/NDk0NGUwMTMtMGNjMS00YTVhLThkOTktMGM4ZWMzMDkwZmNk"}
[debug] [2021-09-17T15:19:33.176Z] [Add Firebase Poller] Retrying task index 0
[debug] [2021-09-17T15:19:33.176Z] >>> [apiv2][query] GET https://firebase.googleapis.com/v1beta1/operations/workflows/NDk0NGUwMTMtMGNjMS00YTVhLThkOTktMGM4ZWMzMDkwZmNk [none]
[debug] [2021-09-17T15:19:34.457Z] <<< [apiv2][status] GET https://firebase.googleapis.com/v1beta1/operations/workflows/NDk0NGUwMTMtMGNjMS00YTVhLThkOTktMGM4ZWMzMDkwZmNk 200
[debug] [2021-09-17T15:19:34.457Z] <<< [apiv2][body] GET https://firebase.googleapis.com/v1beta1/operations/workflows/NDk0NGUwMTMtMGNjMS00YTVhLThkOTktMGM4ZWMzMDkwZmNk {"name":"operations/workflows/NDk0NGUwMTMtMGNjMS00YTVhLThkOTktMGM4ZWMzMDkwZmNk"}
[debug] [2021-09-17T15:19:35.459Z] [Add Firebase Poller] Retrying task index 0
[debug] [2021-09-17T15:19:35.459Z] >>> [apiv2][query] GET https://firebase.googleapis.com/v1beta1/operations/workflows/NDk0NGUwMTMtMGNjMS00YTVhLThkOTktMGM4ZWMzMDkwZmNk [none]
[debug] [2021-09-17T15:19:36.546Z] <<< [apiv2][status] GET https://firebase.googleapis.com/v1beta1/operations/workflows/NDk0NGUwMTMtMGNjMS00YTVhLThkOTktMGM4ZWMzMDkwZmNk 200
[debug] [2021-09-17T15:19:36.546Z] <<< [apiv2][body] GET https://firebase.googleapis.com/v1beta1/operations/workflows/NDk0NGUwMTMtMGNjMS00YTVhLThkOTktMGM4ZWMzMDkwZmNk {"name":"operations/workflows/NDk0NGUwMTMtMGNjMS00YTVhLThkOTktMGM4ZWMzMDkwZmNk"}
[debug] [2021-09-17T15:19:38.561Z] [Add Firebase Poller] Retrying task index 0
[debug] [2021-09-17T15:19:38.561Z] >>> [apiv2][query] GET https://firebase.googleapis.com/v1beta1/operations/workflows/NDk0NGUwMTMtMGNjMS00YTVhLThkOTktMGM4ZWMzMDkwZmNk [none]
[debug] [2021-09-17T15:19:40.020Z] <<< [apiv2][status] GET https://firebase.googleapis.com/v1beta1/operations/workflows/NDk0NGUwMTMtMGNjMS00YTVhLThkOTktMGM4ZWMzMDkwZmNk 200
[debug] [2021-09-17T15:19:40.020Z] <<< [apiv2][body] GET https://firebase.googleapis.com/v1beta1/operations/workflows/NDk0NGUwMTMtMGNjMS00YTVhLThkOTktMGM4ZWMzMDkwZmNk {"name":"operations/workflows/NDk0NGUwMTMtMGNjMS00YTVhLThkOTktMGM4ZWMzMDkwZmNk","done":true,"response":{"@type":"type.googleapis.com/google.firebase.service.v1beta1.FirebaseProject","projectId":"yaswanth-on-fire","projectNumber":"771640914674","displayName":"fire-project","name":"projects/yaswanth-on-fire","resources":{"hostingSite":"yaswanth-on-fire"}}}
[info] 
[info] === Your Firebase project is ready! ===
[info] 
[info] Project information:
[info]    - Project ID: yaswanth-on-fire
[info]    - Project Name: fire-project
[info] 
[info] Firebase console is available at
[info] https://console.firebase.google.com/project/yaswanth-on-fire/overview
[info] i  Using project yaswanth-on-fire (fire-project) 
[info] 
=== Hosting:github Setup
[info] 
[info] i  Detected a .git folder at C:\Users\yaswa\Desktop\New folder\sell 
[info] i  Authorizing with GitHub to upload your service account to a GitHub repository's secrets store. 
[info] 
[info] Visit this URL on this device to log in:
[info] https://github.com/login/oauth/authorize?client_id=89cf50f02ac6aaed3484&state=994199153&redirect_uri=http%3A%2F%2Flocalhost%3A9005&scope=read%3Auser%20repo%20public_repo
[info] 
[info] Waiting for authentication...
[debug] [2021-09-17T15:20:25.901Z] >>> HTTP REQUEST POST https://github.com/login/oauth/access_token  
 {"client_id":"89cf50f02ac6aaed3484","client_secret":"3330d14abc895d9a74d5f17cd7a00711fa2c5bf0","code":"42f03792a98fae3b0373","redirect_uri":"http://localhost:9005","state":"994199153"}
[debug] [2021-09-17T15:20:26.354Z] <<< HTTP RESPONSE 200 {"server":"GitHub.com","date":"Fri, 17 Sep 2021 15:20:31 GMT","content-type":"application/json; charset=utf-8","transfer-encoding":"chunked","vary":"X-PJAX, X-PJAX-Container, Accept-Encoding, Accept, X-Requested-With","permissions-policy":"interest-cohort=()","etag":"W/\"d20ca237b2e29031e80046615f67bfcd\"","cache-control":"max-age=0, private, must-revalidate","strict-transport-security":"max-age=31536000; includeSubdomains; preload","x-frame-options":"deny","x-content-type-options":"nosniff","x-xss-protection":"0","referrer-policy":"origin-when-cross-origin, strict-origin-when-cross-origin","expect-ct":"max-age=2592000, report-uri=\"https://api.github.com/_private/browser/errors\"","content-security-policy":"default-src 'none'; base-uri 'self'; block-all-mixed-content; child-src github.githubassets.com; connect-src 'self' uploads.github.com www.githubstatus.com collector.githubapp.com api.github.com github-cloud.s3.amazonaws.com github-production-repository-file-5c1aeb.s3.amazonaws.com github-production-upload-manifest-file-7fdce7.s3.amazonaws.com github-production-user-asset-6210df.s3.amazonaws.com cdn.optimizely.com logx.optimizely.com/v1/events translator.github.com wss://alive.github.com; font-src github.githubassets.com; form-action 'self' github.com gist.github.com; frame-ancestors 'none'; frame-src render.githubusercontent.com viewscreen.githubusercontent.com; img-src 'self' data: github.githubassets.com identicons.github.com collector.githubapp.com github-cloud.s3.amazonaws.com secured-user-images.githubusercontent.com/ *.githubusercontent.com; manifest-src 'self'; media-src github.com user-images.githubusercontent.com/; script-src github.githubassets.com; style-src 'unsafe-inline' github.githubassets.com; worker-src github.githubassets.com github.com/socket-worker-0af8a29d.js gist.github.com/socket-worker-0af8a29d.js","x-github-request-id":"A817:4CF4:3EECCB:45A3BD:6144B23E"}
[debug] [2021-09-17T15:20:26.358Z] >>> [apiv2][query] GET https://api.github.com/user [none]
[debug] [2021-09-17T15:20:26.786Z] <<< [apiv2][status] GET https://api.github.com/user 200
[debug] [2021-09-17T15:20:26.786Z] <<< [apiv2][body] GET https://api.github.com/user {"login":"yaswanth-git","id":70765767,"node_id":"MDQ6VXNlcjcwNzY1NzY3","avatar_url":"https://avatars.githubusercontent.com/u/70765767?v=4","gravatar_id":"","url":"https://api.github.com/users/yaswanth-git","html_url":"https://github.com/yaswanth-git","followers_url":"https://api.github.com/users/yaswanth-git/followers","following_url":"https://api.github.com/users/yaswanth-git/following{/other_user}","gists_url":"https://api.github.com/users/yaswanth-git/gists{/gist_id}","starred_url":"https://api.github.com/users/yaswanth-git/starred{/owner}{/repo}","subscriptions_url":"https://api.github.com/users/yaswanth-git/subscriptions","organizations_url":"https://api.github.com/users/yaswanth-git/orgs","repos_url":"https://api.github.com/users/yaswanth-git/repos","events_url":"https://api.github.com/users/yaswanth-git/events{/privacy}","received_events_url":"https://api.github.com/users/yaswanth-git/received_events","type":"User","site_admin":false,"name":"Yaswanth","company":null,"blog":"","location":null,"email":"yaswanth.offl@gmail.com","hireable":null,"bio":null,"twitter_username":null,"public_repos":13,"public_gists":0,"followers":0,"following":0,"created_at":"2020-09-04T15:04:34Z","updated_at":"2021-09-07T09:27:04Z","private_gists":0,"total_private_repos":6,"owned_private_repos":6,"disk_usage":9113,"collaborators":0,"two_factor_authentication":false,"plan":{"name":"free","space":976562499,"collaborators":0,"private_repos":10000}}
[info] 
[info] +  Success! Logged into GitHub as yaswanth-git 
[info] 
